<!DOCTYPE html>

<html>
  <head>
  <meta charset='utf-8'>
  <title>TestNG reports</title>

    <link type="text/css" href="testng-reports1.css" rel="stylesheet" id="ultra" />
    <link type="text/css" href="testng-reports.css" rel="stylesheet" id="retro" disabled="false"/>
    <script type="text/javascript" src="jquery-3.6.0.min.js"></script>
    <script type="text/javascript" src="testng-reports.js"></script>
    <script type="text/javascript" src="https://www.google.com/jsapi"></script>
    <script type='text/javascript'>
      google.load('visualization', '1', {packages:['table']});
      google.setOnLoadCallback(drawTable);
      var suiteTableInitFunctions = new Array();
      var suiteTableData = new Array();
    </script>
    <!--
      <script type="text/javascript" src="jquery-ui/js/jquery-ui-1.8.16.custom.min.js"></script>
     -->
  </head>

  <body>    <div class="top-banner-root">
      <span class="top-banner-title-font">Test results</span>
      <button id="button" class="button">Switch Retro Theme</button> <!-- button -->
      <br/>
      <span class="top-banner-font-1">1 suite, 1 failed test</span>
    </div> <!-- top-banner-root -->
    <div class="navigator-root">
      <div class="navigator-suite-header">
        <span>All suites</span>
        <a href="#" title="Collapse/expand all the suites" class="collapse-all-link">
          <img src="collapseall.gif" class="collapse-all-icon">
          </img> <!-- collapse-all-icon -->
        </a> <!-- collapse-all-link -->
      </div> <!-- navigator-suite-header -->
      <div class="suite">
        <div class="rounded-window">
          <div class="suite-header light-rounded-window-top">
            <a href="#" panel-name="suite-Supplementler_UI_Test_Suite" class="navigator-link">
              <span class="suite-name border-failed">Supplementler UI Test Suite</span>
            </a> <!-- navigator-link -->
          </div> <!-- suite-header light-rounded-window-top -->
          <div class="navigator-suite-content">
            <div class="suite-section-title">
              <span>Info</span>
            </div> <!-- suite-section-title -->
            <div class="suite-section-content">
              <ul>
                <li>
                  <a href="#" panel-name="test-xml-Supplementler_UI_Test_Suite" class="navigator-link ">
                    <span>test.xml</span>
                  </a> <!-- navigator-link  -->
                </li>
                <li>
                  <a href="#" panel-name="testlist-Supplementler_UI_Test_Suite" class="navigator-link ">
                    <span class="test-stats">1 test</span>
                  </a> <!-- navigator-link  -->
                </li>
                <li>
                  <a href="#" panel-name="group-Supplementler_UI_Test_Suite" class="navigator-link ">
                    <span>1 group</span>
                  </a> <!-- navigator-link  -->
                </li>
                <li>
                  <a href="#" panel-name="times-Supplementler_UI_Test_Suite" class="navigator-link ">
                    <span>Times</span>
                  </a> <!-- navigator-link  -->
                </li>
                <li>
                  <a href="#" panel-name="reporter-Supplementler_UI_Test_Suite" class="navigator-link ">
                    <span>Reporter output</span>
                  </a> <!-- navigator-link  -->
                </li>
                <li>
                  <a href="#" panel-name="ignored-methods-Supplementler_UI_Test_Suite" class="navigator-link ">
                    <span>Ignored methods</span>
                  </a> <!-- navigator-link  -->
                </li>
                <li>
                  <a href="#" panel-name="chronological-Supplementler_UI_Test_Suite" class="navigator-link ">
                    <span>Chronological view</span>
                  </a> <!-- navigator-link  -->
                </li>
              </ul>
            </div> <!-- suite-section-content -->
            <div class="result-section">
              <div class="suite-section-title">
                <span>Results</span>
              </div> <!-- suite-section-title -->
              <div class="suite-section-content">
                <ul>
                  <li>
                    <span class="method-stats">4 methods, 1 failed,  1 skipped,  2 passed</span>
                  </li>
                  <li>
                    <span class="method-list-title failed">Failed methods</span>
                    <span class="show-or-hide-methods failed">
                      <a href="#" panel-name="suite-Supplementler_UI_Test_Suite" class="hide-methods failed suite-Supplementler_UI_Test_Suite"> (hide)</a> <!-- hide-methods failed suite-Supplementler_UI_Test_Suite -->
                      <a href="#" panel-name="suite-Supplementler_UI_Test_Suite" class="show-methods failed suite-Supplementler_UI_Test_Suite"> (show)</a> <!-- show-methods failed suite-Supplementler_UI_Test_Suite -->
                    </span>
                    <div class="method-list-content failed suite-Supplementler_UI_Test_Suite">
                      <span>
                        <img src="failed.png" width="3%"/>
                        <a href="#" panel-name="suite-Supplementler_UI_Test_Suite" title="io.cucumber.skeleton.RunCucumberTest" class="method navigator-link" hash-for-method="runScenario(&quot;2) WEB Fittest,Kişisel Tavsiye- URL&#039;lere Parametre Eklenmesi - SUPPLEMENTLER / VITAMINLER (VA-194)&quot;...)">runScenario("2) WEB Fittest,Kişisel Tavsiye- URL'lere Parametre Eklenmesi - SUPPLEMENTLER / VITAMINLER (VA-194)"...)</a> <!-- method navigator-link -->
                      </span>
                      <br/>
                    </div> <!-- method-list-content failed suite-Supplementler_UI_Test_Suite -->
                  </li>
                  <li>
                    <span class="method-list-title skipped">Retried methods</span>
                    <span class="show-or-hide-methods skipped">
                      <a href="#" panel-name="suite-Supplementler_UI_Test_Suite" class="hide-methods skipped suite-Supplementler_UI_Test_Suite"> (hide)</a> <!-- hide-methods skipped suite-Supplementler_UI_Test_Suite -->
                      <a href="#" panel-name="suite-Supplementler_UI_Test_Suite" class="show-methods skipped suite-Supplementler_UI_Test_Suite"> (show)</a> <!-- show-methods skipped suite-Supplementler_UI_Test_Suite -->
                    </span>
                    <div class="method-list-content skipped suite-Supplementler_UI_Test_Suite">
                      <span>
                        <img src="skipped.png" width="3%"/>
                        <a href="#" panel-name="suite-Supplementler_UI_Test_Suite" title="io.cucumber.skeleton.RunCucumberTest" class="method navigator-link" hash-for-method="runScenario(&quot;2) WEB Fittest,Kişisel Tavsiye- URL&#039;lere Parametre Eklenmesi - SUPPLEMENTLER / VITAMINLER (VA-194)&quot;...)">runScenario("2) WEB Fittest,Kişisel Tavsiye- URL'lere Parametre Eklenmesi - SUPPLEMENTLER / VITAMINLER (VA-194)"...)</a> <!-- method navigator-link -->
                      </span>
                      <br/>
                    </div> <!-- method-list-content skipped suite-Supplementler_UI_Test_Suite -->
                  </li>
                  <li>
                    <span class="method-list-title passed">Passed methods</span>
                    <span class="show-or-hide-methods passed">
                      <a href="#" panel-name="suite-Supplementler_UI_Test_Suite" class="hide-methods passed suite-Supplementler_UI_Test_Suite"> (hide)</a> <!-- hide-methods passed suite-Supplementler_UI_Test_Suite -->
                      <a href="#" panel-name="suite-Supplementler_UI_Test_Suite" class="show-methods passed suite-Supplementler_UI_Test_Suite"> (show)</a> <!-- show-methods passed suite-Supplementler_UI_Test_Suite -->
                    </span>
                    <div class="method-list-content passed suite-Supplementler_UI_Test_Suite">
                      <span>
                        <img src="passed.png" width="3%"/>
                        <a href="#" panel-name="suite-Supplementler_UI_Test_Suite" title="io.cucumber.skeleton.RunCucumberTest" class="method navigator-link" hash-for-method="runScenario(&quot;2) WEB Fittest,Kişisel Tavsiye- URL&#039;lere Parametre Eklenmesi - SUPPLEMENTLER / VITAMINLER (VA-194)&quot;...)">runScenario("2) WEB Fittest,Kişisel Tavsiye- URL'lere Parametre Eklenmesi - SUPPLEMENTLER / VITAMINLER (VA-194)"...)</a> <!-- method navigator-link -->
                      </span>
                      <br/>
                      <span>
                        <img src="passed.png" width="3%"/>
                        <a href="#" panel-name="suite-Supplementler_UI_Test_Suite" title="io.cucumber.skeleton.RunCucumberTest" class="method navigator-link" hash-for-method="runScenario(&quot;1) WEB Ürün Detay Video Konumlandırması (VA-187)&quot;, &quot;WEB VA BOARD - UI Web&quot;)">runScenario("1) WEB Ürün Detay Video Konumlandırması (VA-187)", "WEB VA BOARD - UI Web")</a> <!-- method navigator-link -->
                      </span>
                      <br/>
                    </div> <!-- method-list-content passed suite-Supplementler_UI_Test_Suite -->
                  </li>
                </ul>
              </div> <!-- suite-section-content -->
            </div> <!-- result-section -->
          </div> <!-- navigator-suite-content -->
        </div> <!-- rounded-window -->
      </div> <!-- suite -->
    </div> <!-- navigator-root -->
    <div class="wrapper">
      <div class="main-panel-root">
        <div panel-name="suite-Supplementler_UI_Test_Suite" class="panel Supplementler_UI_Test_Suite">
          <div class="suite-Supplementler_UI_Test_Suite-class-failed">
            <div class="main-panel-header rounded-window-top">
              <img src="failed.png"/>
              <span class="class-name">io.cucumber.skeleton.RunCucumberTest</span>
            </div> <!-- main-panel-header rounded-window-top -->
            <div class="main-panel-content rounded-window-bottom">
              <div class="method">
                <div class="method-content">
                  <a name="runScenario(&quot;2) WEB Fittest,Kişisel Tavsiye- URL&#039;lere Parametre Eklenmesi - SUPPLEMENTLER / VITAMINLER (VA-194)&quot;...)">
                  </a> <!-- runScenario("2) WEB Fittest,Kişisel Tavsiye- URL'lere Parametre Eklenmesi - SUPPLEMENTLER / VITAMINLER (VA-194)"...) -->
                  <span class="method-name">runScenario</span>
                  <span class="parameters">("2) WEB Fittest,Kişisel Tavsiye- URL'lere Parametre Eklenmesi - SUPPLEMENTLER / VITAMINLER (VA-194)","WEB VA BOARD - UI Web")</span>
                  <div class="stack-trace">java.lang.RuntimeException: org.openqa.selenium.NoSuchElementException: no such element: Unable to locate element: {&quot;method&quot;:&quot;xpath&quot;,&quot;selector&quot;:&quot;//span[contains(text(),&apos;Kişisel Tavsiye&apos;)]&quot;}
  (Session info: headless chrome=111.0.5563.146)
For documentation on this error, please visit: https://selenium.dev/exceptions/#no_such_element
Build info: version: &apos;4.4.0&apos;, revision: &apos;e5c75ed026a&apos;
System info: host: &apos;Erdi-Arf.local&apos;, ip: &apos;fe80:0:0:0:448:488e:24fb:8d68%en0&apos;, os.name: &apos;Mac OS X&apos;, os.arch: &apos;aarch64&apos;, os.version: &apos;13.2.1&apos;, java.version: &apos;18.0.2.1&apos;
Driver info: org.openqa.selenium.chrome.ChromeDriver
Command: [21a5c512496854f0ea45580c8fc419fc, findElement {using=xpath, value=//span[contains(text(),&apos;Kişisel Tavsiye&apos;)]}]
Capabilities {acceptInsecureCerts: false, browserName: chrome, browserVersion: 111.0.5563.146, chrome: {chromedriverVersion: 111.0.5563.64 (c710e93d5b63..., userDataDir: /var/folders/yv/b6knxd_j5lv...}, goog:chromeOptions: {debuggerAddress: localhost:56471}, networkConnectionEnabled: false, pageLoadStrategy: normal, platformName: MAC, proxy: Proxy(), se:cdp: ws://localhost:56471/devtoo..., se:cdpVersion: 111.0.5563.146, setWindowRect: true, strictFileInteractability: false, timeouts: {implicit: 0, pageLoad: 300000, script: 30000}, unhandledPromptBehavior: dismiss and notify, webauthn:extension:credBlob: true, webauthn:extension:largeBlob: true, webauthn:extension:minPinLength: true, webauthn:extension:prf: true, webauthn:virtualAuthenticators: true}
Session ID: 21a5c512496854f0ea45580c8fc419fc
	at supplementler.listener.SeleniumListener.onException(SeleniumListener.java:142)
	at org.openqa.selenium.support.events.EventFiringWebDriver.lambda$new$0(EventFiringWebDriver.java:85)
	at jdk.proxy2/jdk.proxy2.$Proxy43.onException(Unknown Source)
	at org.openqa.selenium.support.events.EventFiringWebDriver.lambda$new$1(EventFiringWebDriver.java:108)
	at jdk.proxy2/jdk.proxy2.$Proxy44.findElement(Unknown Source)
	at org.openqa.selenium.support.events.EventFiringWebDriver.findElement(EventFiringWebDriver.java:195)
	at base.AutomationMethods.waitForIntervalsAndClick(AutomationMethods.java:80)
	at base.AutomationMethods.click(AutomationMethods.java:59)
	at io.cucumber.skeleton.StepDefinitionsHomePage.clickFITTEST(StepDefinitionsHomePage.java:31)
	at ✽.click TEST(file:///Users/erdioran/IdeaProjects2/supplementler_web_automation/src/test/resources/io/cucumber/features/web_case.feature:16)
Caused by: org.openqa.selenium.NoSuchElementException: no such element: Unable to locate element: {&quot;method&quot;:&quot;xpath&quot;,&quot;selector&quot;:&quot;//span[contains(text(),&apos;Kişisel Tavsiye&apos;)]&quot;}
  (Session info: headless chrome=111.0.5563.146)
For documentation on this error, please visit: https://selenium.dev/exceptions/#no_such_element
Build info: version: &apos;4.4.0&apos;, revision: &apos;e5c75ed026a&apos;
System info: host: &apos;Erdi-Arf.local&apos;, ip: &apos;fe80:0:0:0:448:488e:24fb:8d68%en0&apos;, os.name: &apos;Mac OS X&apos;, os.arch: &apos;aarch64&apos;, os.version: &apos;13.2.1&apos;, java.version: &apos;18.0.2.1&apos;
Driver info: org.openqa.selenium.chrome.ChromeDriver
Command: [21a5c512496854f0ea45580c8fc419fc, findElement {using=xpath, value=//span[contains(text(),&apos;Kişisel Tavsiye&apos;)]}]
Capabilities {acceptInsecureCerts: false, browserName: chrome, browserVersion: 111.0.5563.146, chrome: {chromedriverVersion: 111.0.5563.64 (c710e93d5b63..., userDataDir: /var/folders/yv/b6knxd_j5lv...}, goog:chromeOptions: {debuggerAddress: localhost:56471}, networkConnectionEnabled: false, pageLoadStrategy: normal, platformName: MAC, proxy: Proxy(), se:cdp: ws://localhost:56471/devtoo..., se:cdpVersion: 111.0.5563.146, setWindowRect: true, strictFileInteractability: false, timeouts: {implicit: 0, pageLoad: 300000, script: 30000}, unhandledPromptBehavior: dismiss and notify, webauthn:extension:credBlob: true, webauthn:extension:largeBlob: true, webauthn:extension:minPinLength: true, webauthn:extension:prf: true, webauthn:virtualAuthenticators: true}
Session ID: 21a5c512496854f0ea45580c8fc419fc
	at org.openqa.selenium.remote.codec.w3c.W3CHttpResponseCodec.createException(W3CHttpResponseCodec.java:200)
	at org.openqa.selenium.remote.codec.w3c.W3CHttpResponseCodec.decode(W3CHttpResponseCodec.java:133)
	at org.openqa.selenium.remote.codec.w3c.W3CHttpResponseCodec.decode(W3CHttpResponseCodec.java:53)
	at org.openqa.selenium.remote.HttpCommandExecutor.execute(HttpCommandExecutor.java:184)
	at org.openqa.selenium.remote.service.DriverCommandExecutor.invokeExecute(DriverCommandExecutor.java:167)
	at org.openqa.selenium.remote.service.DriverCommandExecutor.execute(DriverCommandExecutor.java:142)
	at org.openqa.selenium.remote.RemoteWebDriver.execute(RemoteWebDriver.java:547)
	at org.openqa.selenium.remote.ElementLocation$ElementFinder$2.findElement(ElementLocation.java:162)
	at org.openqa.selenium.remote.ElementLocation.findElement(ElementLocation.java:60)
	at org.openqa.selenium.remote.RemoteWebDriver.findElement(RemoteWebDriver.java:365)
	at org.openqa.selenium.remote.RemoteWebDriver.findElement(RemoteWebDriver.java:357)
	at org.openqa.selenium.support.events.EventFiringWebDriver.lambda$new$1(EventFiringWebDriver.java:106)
	at jdk.proxy2/jdk.proxy2.$Proxy44.findElement(Unknown Source)
	at org.openqa.selenium.support.events.EventFiringWebDriver.findElement(EventFiringWebDriver.java:195)
	at base.AutomationMethods.waitForIntervalsAndClick(AutomationMethods.java:80)
	at base.AutomationMethods.click(AutomationMethods.java:59)
	at io.cucumber.skeleton.StepDefinitionsHomePage.clickFITTEST(StepDefinitionsHomePage.java:31)
	at io.cucumber.java.Invoker.doInvoke(Invoker.java:66)
	at io.cucumber.java.Invoker.invoke(Invoker.java:24)
	at io.cucumber.java.AbstractGlueDefinition.invokeMethod(AbstractGlueDefinition.java:47)
	at io.cucumber.java.JavaStepDefinition.execute(JavaStepDefinition.java:29)
	at io.cucumber.core.runner.CoreStepDefinition.execute(CoreStepDefinition.java:66)
	at io.cucumber.core.runner.PickleStepDefinitionMatch.runStep(PickleStepDefinitionMatch.java:63)
	at io.cucumber.core.runner.ExecutionMode$1.execute(ExecutionMode.java:10)
	at io.cucumber.core.runner.TestStep.executeStep(TestStep.java:85)
	at io.cucumber.core.runner.TestStep.run(TestStep.java:57)
	at io.cucumber.core.runner.PickleStepTestStep.run(PickleStepTestStep.java:51)
	at io.cucumber.core.runner.TestCase.run(TestCase.java:84)
	at io.cucumber.core.runner.Runner.runPickle(Runner.java:75)
	at io.cucumber.testng.TestNGCucumberRunner.lambda$runScenario$1(TestNGCucumberRunner.java:132)
	at io.cucumber.core.runtime.CucumberExecutionContext.lambda$runTestCase$5(CucumberExecutionContext.java:129)
	at io.cucumber.core.runtime.RethrowingThrowableCollector.executeAndThrow(RethrowingThrowableCollector.java:23)
	at io.cucumber.core.runtime.CucumberExecutionContext.runTestCase(CucumberExecutionContext.java:129)
	at io.cucumber.testng.TestNGCucumberRunner.runScenario(TestNGCucumberRunner.java:129)
	at io.cucumber.testng.AbstractTestNGCucumberTests.runScenario(AbstractTestNGCucumberTests.java:35)
	at java.base/java.util.concurrent.FutureTask.run(FutureTask.java:264)
	at java.base/java.util.concurrent.Executors$RunnableAdapter.call(Executors.java:539)
	at java.base/java.util.concurrent.FutureTask.run(FutureTask.java:264)
	at java.base/java.util.concurrent.ThreadPoolExecutor.runWorker(ThreadPoolExecutor.java:1136)
	at java.base/java.util.concurrent.ThreadPoolExecutor$Worker.run(ThreadPoolExecutor.java:635)
	at java.base/java.lang.Thread.run(Thread.java:833)
... Removed 16 stack frames
</div> <!-- stack-trace -->
                  <em>
(Runs Cucumber Scenarios)                  </em>
                </div> <!-- method-content -->
              </div> <!-- method -->
            </div> <!-- main-panel-content rounded-window-bottom -->
          </div> <!-- suite-Supplementler_UI_Test_Suite-class-failed -->
          <div class="suite-Supplementler_UI_Test_Suite-class-skipped">
            <div class="main-panel-header rounded-window-top">
              <img src="skipped.png"/>
              <span class="class-name">io.cucumber.skeleton.RunCucumberTest</span>
            </div> <!-- main-panel-header rounded-window-top -->
            <div class="main-panel-content rounded-window-bottom">
              <div class="method">
                <div class="method-content">
                  <a name="runScenario(&quot;2) WEB Fittest,Kişisel Tavsiye- URL&#039;lere Parametre Eklenmesi - SUPPLEMENTLER / VITAMINLER (VA-194)&quot;...)">
                  </a> <!-- runScenario("2) WEB Fittest,Kişisel Tavsiye- URL'lere Parametre Eklenmesi - SUPPLEMENTLER / VITAMINLER (VA-194)"...) -->
                  <span class="method-name">runScenario</span>
                  <span class="parameters">("2) WEB Fittest,Kişisel Tavsiye- URL'lere Parametre Eklenmesi - SUPPLEMENTLER / VITAMINLER (VA-194)","WEB VA BOARD - UI Web")</span>
                  <div class="stack-trace">java.lang.RuntimeException: org.openqa.selenium.NoSuchElementException: no such element: Unable to locate element: {&quot;method&quot;:&quot;xpath&quot;,&quot;selector&quot;:&quot;//span[contains(text(),&apos;Kişisel Tavsiye&apos;)]&quot;}
  (Session info: headless chrome=111.0.5563.146)
For documentation on this error, please visit: https://selenium.dev/exceptions/#no_such_element
Build info: version: &apos;4.4.0&apos;, revision: &apos;e5c75ed026a&apos;
System info: host: &apos;Erdi-Arf.local&apos;, ip: &apos;fe80:0:0:0:448:488e:24fb:8d68%en0&apos;, os.name: &apos;Mac OS X&apos;, os.arch: &apos;aarch64&apos;, os.version: &apos;13.2.1&apos;, java.version: &apos;18.0.2.1&apos;
Driver info: org.openqa.selenium.chrome.ChromeDriver
Command: [049e37f9818b1e72bc3446da9dfc27f0, findElement {using=xpath, value=//span[contains(text(),&apos;Kişisel Tavsiye&apos;)]}]
Capabilities {acceptInsecureCerts: false, browserName: chrome, browserVersion: 111.0.5563.146, chrome: {chromedriverVersion: 111.0.5563.64 (c710e93d5b63..., userDataDir: /var/folders/yv/b6knxd_j5lv...}, goog:chromeOptions: {debuggerAddress: localhost:56270}, networkConnectionEnabled: false, pageLoadStrategy: normal, platformName: MAC, proxy: Proxy(), se:cdp: ws://localhost:56270/devtoo..., se:cdpVersion: 111.0.5563.146, setWindowRect: true, strictFileInteractability: false, timeouts: {implicit: 0, pageLoad: 300000, script: 30000}, unhandledPromptBehavior: dismiss and notify, webauthn:extension:credBlob: true, webauthn:extension:largeBlob: true, webauthn:extension:minPinLength: true, webauthn:extension:prf: true, webauthn:virtualAuthenticators: true}
Session ID: 049e37f9818b1e72bc3446da9dfc27f0
	at supplementler.listener.SeleniumListener.onException(SeleniumListener.java:142)
	at org.openqa.selenium.support.events.EventFiringWebDriver.lambda$new$0(EventFiringWebDriver.java:85)
	at jdk.proxy2/jdk.proxy2.$Proxy43.onException(Unknown Source)
	at org.openqa.selenium.support.events.EventFiringWebDriver.lambda$new$1(EventFiringWebDriver.java:108)
	at jdk.proxy2/jdk.proxy2.$Proxy44.findElement(Unknown Source)
	at org.openqa.selenium.support.events.EventFiringWebDriver.findElement(EventFiringWebDriver.java:195)
	at base.AutomationMethods.waitForIntervalsAndClick(AutomationMethods.java:80)
	at base.AutomationMethods.click(AutomationMethods.java:59)
	at io.cucumber.skeleton.StepDefinitionsHomePage.clickFITTEST(StepDefinitionsHomePage.java:31)
	at ✽.click TEST(file:///Users/erdioran/IdeaProjects2/supplementler_web_automation/src/test/resources/io/cucumber/features/web_case.feature:16)
Caused by: org.openqa.selenium.NoSuchElementException: no such element: Unable to locate element: {&quot;method&quot;:&quot;xpath&quot;,&quot;selector&quot;:&quot;//span[contains(text(),&apos;Kişisel Tavsiye&apos;)]&quot;}
  (Session info: headless chrome=111.0.5563.146)
For documentation on this error, please visit: https://selenium.dev/exceptions/#no_such_element
Build info: version: &apos;4.4.0&apos;, revision: &apos;e5c75ed026a&apos;
System info: host: &apos;Erdi-Arf.local&apos;, ip: &apos;fe80:0:0:0:448:488e:24fb:8d68%en0&apos;, os.name: &apos;Mac OS X&apos;, os.arch: &apos;aarch64&apos;, os.version: &apos;13.2.1&apos;, java.version: &apos;18.0.2.1&apos;
Driver info: org.openqa.selenium.chrome.ChromeDriver
Command: [049e37f9818b1e72bc3446da9dfc27f0, findElement {using=xpath, value=//span[contains(text(),&apos;Kişisel Tavsiye&apos;)]}]
Capabilities {acceptInsecureCerts: false, browserName: chrome, browserVersion: 111.0.5563.146, chrome: {chromedriverVersion: 111.0.5563.64 (c710e93d5b63..., userDataDir: /var/folders/yv/b6knxd_j5lv...}, goog:chromeOptions: {debuggerAddress: localhost:56270}, networkConnectionEnabled: false, pageLoadStrategy: normal, platformName: MAC, proxy: Proxy(), se:cdp: ws://localhost:56270/devtoo..., se:cdpVersion: 111.0.5563.146, setWindowRect: true, strictFileInteractability: false, timeouts: {implicit: 0, pageLoad: 300000, script: 30000}, unhandledPromptBehavior: dismiss and notify, webauthn:extension:credBlob: true, webauthn:extension:largeBlob: true, webauthn:extension:minPinLength: true, webauthn:extension:prf: true, webauthn:virtualAuthenticators: true}
Session ID: 049e37f9818b1e72bc3446da9dfc27f0
	at org.openqa.selenium.remote.codec.w3c.W3CHttpResponseCodec.createException(W3CHttpResponseCodec.java:200)
	at org.openqa.selenium.remote.codec.w3c.W3CHttpResponseCodec.decode(W3CHttpResponseCodec.java:133)
	at org.openqa.selenium.remote.codec.w3c.W3CHttpResponseCodec.decode(W3CHttpResponseCodec.java:53)
	at org.openqa.selenium.remote.HttpCommandExecutor.execute(HttpCommandExecutor.java:184)
	at org.openqa.selenium.remote.service.DriverCommandExecutor.invokeExecute(DriverCommandExecutor.java:167)
	at org.openqa.selenium.remote.service.DriverCommandExecutor.execute(DriverCommandExecutor.java:142)
	at org.openqa.selenium.remote.RemoteWebDriver.execute(RemoteWebDriver.java:547)
	at org.openqa.selenium.remote.ElementLocation$ElementFinder$2.findElement(ElementLocation.java:162)
	at org.openqa.selenium.remote.ElementLocation.findElement(ElementLocation.java:60)
	at org.openqa.selenium.remote.RemoteWebDriver.findElement(RemoteWebDriver.java:365)
	at org.openqa.selenium.remote.RemoteWebDriver.findElement(RemoteWebDriver.java:357)
	at org.openqa.selenium.support.events.EventFiringWebDriver.lambda$new$1(EventFiringWebDriver.java:106)
	at jdk.proxy2/jdk.proxy2.$Proxy44.findElement(Unknown Source)
	at org.openqa.selenium.support.events.EventFiringWebDriver.findElement(EventFiringWebDriver.java:195)
	at base.AutomationMethods.waitForIntervalsAndClick(AutomationMethods.java:80)
	at base.AutomationMethods.click(AutomationMethods.java:59)
	at io.cucumber.skeleton.StepDefinitionsHomePage.clickFITTEST(StepDefinitionsHomePage.java:31)
	at io.cucumber.java.Invoker.doInvoke(Invoker.java:66)
	at io.cucumber.java.Invoker.invoke(Invoker.java:24)
	at io.cucumber.java.AbstractGlueDefinition.invokeMethod(AbstractGlueDefinition.java:47)
	at io.cucumber.java.JavaStepDefinition.execute(JavaStepDefinition.java:29)
	at io.cucumber.core.runner.CoreStepDefinition.execute(CoreStepDefinition.java:66)
	at io.cucumber.core.runner.PickleStepDefinitionMatch.runStep(PickleStepDefinitionMatch.java:63)
	at io.cucumber.core.runner.ExecutionMode$1.execute(ExecutionMode.java:10)
	at io.cucumber.core.runner.TestStep.executeStep(TestStep.java:85)
	at io.cucumber.core.runner.TestStep.run(TestStep.java:57)
	at io.cucumber.core.runner.PickleStepTestStep.run(PickleStepTestStep.java:51)
	at io.cucumber.core.runner.TestCase.run(TestCase.java:84)
	at io.cucumber.core.runner.Runner.runPickle(Runner.java:75)
	at io.cucumber.testng.TestNGCucumberRunner.lambda$runScenario$1(TestNGCucumberRunner.java:132)
	at io.cucumber.core.runtime.CucumberExecutionContext.lambda$runTestCase$5(CucumberExecutionContext.java:129)
	at io.cucumber.core.runtime.RethrowingThrowableCollector.executeAndThrow(RethrowingThrowableCollector.java:23)
	at io.cucumber.core.runtime.CucumberExecutionContext.runTestCase(CucumberExecutionContext.java:129)
	at io.cucumber.testng.TestNGCucumberRunner.runScenario(TestNGCucumberRunner.java:129)
	at io.cucumber.testng.AbstractTestNGCucumberTests.runScenario(AbstractTestNGCucumberTests.java:35)
	at java.base/java.util.concurrent.FutureTask.run(FutureTask.java:264)
	at java.base/java.util.concurrent.Executors$RunnableAdapter.call(Executors.java:539)
	at java.base/java.util.concurrent.FutureTask.run(FutureTask.java:264)
	at java.base/java.util.concurrent.ThreadPoolExecutor.runWorker(ThreadPoolExecutor.java:1136)
	at java.base/java.util.concurrent.ThreadPoolExecutor$Worker.run(ThreadPoolExecutor.java:635)
	at java.base/java.lang.Thread.run(Thread.java:833)
... Removed 16 stack frames
</div> <!-- stack-trace -->
                  <em>
(Runs Cucumber Scenarios)                  </em>
                </div> <!-- method-content -->
              </div> <!-- method -->
            </div> <!-- main-panel-content rounded-window-bottom -->
          </div> <!-- suite-Supplementler_UI_Test_Suite-class-skipped -->
          <div class="suite-Supplementler_UI_Test_Suite-class-passed">
            <div class="main-panel-header rounded-window-top">
              <img src="passed.png"/>
              <span class="class-name">io.cucumber.skeleton.RunCucumberTest</span>
            </div> <!-- main-panel-header rounded-window-top -->
            <div class="main-panel-content rounded-window-bottom">
              <div class="method">
                <div class="method-content">
                  <a name="runScenario(&quot;2) WEB Fittest,Kişisel Tavsiye- URL&#039;lere Parametre Eklenmesi - SUPPLEMENTLER / VITAMINLER (VA-194)&quot;...)">
                  </a> <!-- runScenario("2) WEB Fittest,Kişisel Tavsiye- URL'lere Parametre Eklenmesi - SUPPLEMENTLER / VITAMINLER (VA-194)"...) -->
                  <span class="method-name">runScenario</span>
                  <span class="parameters">("2) WEB Fittest,Kişisel Tavsiye- URL'lere Parametre Eklenmesi - SUPPLEMENTLER / VITAMINLER (VA-194)","WEB VA BOARD - UI Web")</span>
                  <em>
(Runs Cucumber Scenarios)                  </em>
                </div> <!-- method-content -->
              </div> <!-- method -->
              <div class="method">
                <div class="method-content">
                  <a name="runScenario(&quot;1) WEB Ürün Detay Video Konumlandırması (VA-187)&quot;, &quot;WEB VA BOARD - UI Web&quot;)">
                  </a> <!-- runScenario("1) WEB Ürün Detay Video Konumlandırması (VA-187)", "WEB VA BOARD - UI Web") -->
                  <span class="method-name">runScenario</span>
                  <span class="parameters">("1) WEB Ürün Detay Video Konumlandırması (VA-187)","WEB VA BOARD - UI Web")</span>
                  <em>
(Runs Cucumber Scenarios)                  </em>
                </div> <!-- method-content -->
              </div> <!-- method -->
            </div> <!-- main-panel-content rounded-window-bottom -->
          </div> <!-- suite-Supplementler_UI_Test_Suite-class-passed -->
        </div> <!-- panel Supplementler_UI_Test_Suite -->
        <div panel-name="test-xml-Supplementler_UI_Test_Suite" class="panel">
          <div class="main-panel-header rounded-window-top">
            <span class="header-content">/Users/erdioran/IdeaProjects2/supplementler_web_automation/testSuite/test.xml</span>
          </div> <!-- main-panel-header rounded-window-top -->
          <div class="main-panel-content rounded-window-bottom">
            <pre>
&lt;?xml version=&quot;1.0&quot; encoding=&quot;UTF-8&quot;?&gt;
&lt;!DOCTYPE suite SYSTEM &quot;https://testng.org/testng-1.0.dtd&quot;&gt;
&lt;suite thread-count=&quot;1&quot; parallel=&quot;classes&quot; data-provider-thread-count=&quot;6&quot; name=&quot;Supplementler UI Test Suite&quot; guice-stage=&quot;DEVELOPMENT&quot; verbose=&quot;0&quot;&gt;
  &lt;listeners&gt;
    &lt;listener class-name=&quot;supplementler.listener.ExecutionListener&quot;/&gt;
    &lt;listener class-name=&quot;supplementler.listener.TestListener&quot;/&gt;
    &lt;listener class-name=&quot;supplementler.listener.AnnotationTransformer&quot;/&gt;
  &lt;/listeners&gt;
  &lt;test thread-count=&quot;1&quot; parallel=&quot;classes&quot; name=&quot;Run Admin Tests 1&quot; verbose=&quot;0&quot;&gt;
    &lt;classes&gt;
      &lt;class name=&quot;io.cucumber.skeleton.RunCucumberTest&quot;/&gt;
    &lt;/classes&gt;
  &lt;/test&gt; &lt;!-- Run Admin Tests 1 --&gt;
&lt;/suite&gt; &lt;!-- Supplementler UI Test Suite --&gt;
            </pre>
          </div> <!-- main-panel-content rounded-window-bottom -->
        </div> <!-- panel -->
        <div panel-name="testlist-Supplementler_UI_Test_Suite" class="panel">
          <div class="main-panel-header rounded-window-top">
            <span class="header-content">Tests for Supplementler UI Test Suite</span>
          </div> <!-- main-panel-header rounded-window-top -->
          <div class="main-panel-content rounded-window-bottom">
            <ul>
              <li>
                <span class="test-name">Run Admin Tests 1 (1 class)</span>
              </li>
            </ul>
          </div> <!-- main-panel-content rounded-window-bottom -->
        </div> <!-- panel -->
        <div panel-name="group-Supplementler_UI_Test_Suite" class="panel">
          <div class="main-panel-header rounded-window-top">
            <span class="header-content">Groups for Supplementler UI Test Suite</span>
          </div> <!-- main-panel-header rounded-window-top -->
          <div class="main-panel-content rounded-window-bottom">
            <div class="test-group">
              <span class="test-group-name">cucumber</span>
              <br/>
              <div class="method-in-group">
                <span class="method-in-group-name">runScenario</span>
                <br/>
              </div> <!-- method-in-group -->
            </div> <!-- test-group -->
          </div> <!-- main-panel-content rounded-window-bottom -->
        </div> <!-- panel -->
        <div panel-name="times-Supplementler_UI_Test_Suite" class="panel">
          <div class="main-panel-header rounded-window-top">
            <span class="header-content">Times for Supplementler UI Test Suite</span>
          </div> <!-- main-panel-header rounded-window-top -->
          <div class="main-panel-content rounded-window-bottom">
            <div class="times-div">
              <script type="text/javascript">
suiteTableInitFunctions.push('tableData_Supplementler_UI_Test_Suite');
function tableData_Supplementler_UI_Test_Suite() {
var data = new google.visualization.DataTable();
data.addColumn('number', 'Number');
data.addColumn('string', 'Method');
data.addColumn('string', 'Class');
data.addColumn('number', 'Time (ms)');
data.addRows(4);
data.setCell(0, 0, 0)
data.setCell(0, 1, 'runScenario')
data.setCell(0, 2, 'io.cucumber.skeleton.RunCucumberTest')
data.setCell(0, 3, 133122);
data.setCell(1, 0, 1)
data.setCell(1, 1, 'runScenario')
data.setCell(1, 2, 'io.cucumber.skeleton.RunCucumberTest')
data.setCell(1, 3, 132981);
data.setCell(2, 0, 2)
data.setCell(2, 1, 'runScenario')
data.setCell(2, 2, 'io.cucumber.skeleton.RunCucumberTest')
data.setCell(2, 3, 2216);
data.setCell(3, 0, 3)
data.setCell(3, 1, 'runScenario')
data.setCell(3, 2, 'io.cucumber.skeleton.RunCucumberTest')
data.setCell(3, 3, 1988);
window.suiteTableData['Supplementler_UI_Test_Suite']= { tableData: data, tableDiv: 'times-div-Supplementler_UI_Test_Suite'}
return data;
}
              </script>
              <span class="suite-total-time">Total running time: 4 minutes</span>
              <div id="times-div-Supplementler_UI_Test_Suite">
              </div> <!-- times-div-Supplementler_UI_Test_Suite -->
            </div> <!-- times-div -->
          </div> <!-- main-panel-content rounded-window-bottom -->
        </div> <!-- panel -->
        <div panel-name="reporter-Supplementler_UI_Test_Suite" class="panel">
          <div class="main-panel-header rounded-window-top">
            <span class="header-content">Reporter output for Supplementler UI Test Suite</span>
          </div> <!-- main-panel-header rounded-window-top -->
          <div class="main-panel-content rounded-window-bottom">
          </div> <!-- main-panel-content rounded-window-bottom -->
        </div> <!-- panel -->
        <div panel-name="ignored-methods-Supplementler_UI_Test_Suite" class="panel">
          <div class="main-panel-header rounded-window-top">
            <span class="header-content">0 ignored methods</span>
          </div> <!-- main-panel-header rounded-window-top -->
          <div class="main-panel-content rounded-window-bottom">
          </div> <!-- main-panel-content rounded-window-bottom -->
        </div> <!-- panel -->
        <div panel-name="chronological-Supplementler_UI_Test_Suite" class="panel">
          <div class="main-panel-header rounded-window-top">
            <span class="header-content">Methods in chronological order</span>
          </div> <!-- main-panel-header rounded-window-top -->
          <div class="main-panel-content rounded-window-bottom">
            <div class="chronological-class">
              <div class="chronological-class-name">io.cucumber.skeleton.RunCucumberTest</div> <!-- chronological-class-name -->
              <div class="configuration-suite before">
                <span class="method-name">beforeSuite</span>
                <span class="method-start">0 ms</span>
              </div> <!-- configuration-suite before -->
              <div class="configuration-test before">
                <span class="method-name">beforeTestReport</span>
                <span class="method-start">10 ms</span>
              </div> <!-- configuration-test before -->
              <div class="configuration-class before">
                <span class="method-name">setUpClass(org.testng.TestRunner@52d645b1)</span>
                <span class="method-start">14 ms</span>
              </div> <!-- configuration-class before -->
              <div class="configuration-method before">
                <span class="method-name">startBrowser([TestResult name={null} status=CREATED method=AbstractTestNGCucumberTests.runScenario(io.cucumber.te...)</span>
                <span class="method-start">322 ms</span>
              </div> <!-- configuration-method before -->
              <div class="configuration-method before">
                <span class="method-name">startBrowser([TestResult name={null} status=CREATED method=AbstractTestNGCucumberTests.runScenario(io.cucumber.te...)</span>
                <span class="method-start">322 ms</span>
              </div> <!-- configuration-method before -->
              <div class="configuration-method before">
                <span class="method-name">startBrowser([TestResult name={null} status=CREATED method=AbstractTestNGCucumberTests.runScenario(io.cucumber.te...)</span>
                <span class="method-start">322 ms</span>
              </div> <!-- configuration-method before -->
              <div class="test-method">
                <span class="method-name">runScenario("2) WEB Fittest,Kişisel Tavsiye- URL'lere Parametre Eklenmesi - SUPPLEMENTLER / VITAMINLER (VA-194)"...)</span>
                <span class="method-start">1298 ms</span>
              </div> <!-- test-method -->
              <div class="test-method">
                <span class="method-name">runScenario("1) WEB Ürün Detay Video Konumlandırması (VA-187)", "WEB VA BOARD - UI Web")</span>
                <span class="method-start">1298 ms</span>
              </div> <!-- test-method -->
              <div class="test-method">
                <span class="method-name">runScenario("2) WEB Fittest,Kişisel Tavsiye- URL'lere Parametre Eklenmesi - SUPPLEMENTLER / VITAMINLER (VA-194)"...)</span>
                <span class="method-start">1298 ms</span>
              </div> <!-- test-method -->
              <div class="configuration-method after">
                <span class="method-name">closeBrowser([TestResult name=runScenario status=SUCCESS method=AbstractTestNGCucumberTests.runScenario(io.cucumb...)</span>
                <span class="method-start">3288 ms</span>
              </div> <!-- configuration-method after -->
              <div class="configuration-method after">
                <span class="method-name">closeBrowser([TestResult name=runScenario status=SUCCESS method=AbstractTestNGCucumberTests.runScenario(io.cucumb...)</span>
                <span class="method-start">3514 ms</span>
              </div> <!-- configuration-method after -->
              <div class="configuration-method after">
                <span class="method-name">closeBrowser([TestResult name=runScenario status=SKIP method=AbstractTestNGCucumberTests.runScenario(io.cucumber....)</span>
                <span class="method-start">134283 ms</span>
              </div> <!-- configuration-method after -->
              <div class="configuration-method before">
                <span class="method-name">startBrowser([TestResult name={null} status=CREATED method=AbstractTestNGCucumberTests.runScenario(io.cucumber.te...)</span>
                <span class="method-start">134394 ms</span>
              </div> <!-- configuration-method before -->
              <div class="test-method">
                <img src="failed.png">
                </img>
                <span class="method-name">runScenario("2) WEB Fittest,Kişisel Tavsiye- URL'lere Parametre Eklenmesi - SUPPLEMENTLER / VITAMINLER (VA-194)"...)</span>
                <span class="method-start">134771 ms</span>
              </div> <!-- test-method -->
              <div class="configuration-method after">
                <span class="method-name">closeBrowser([TestResult name=runScenario status=FAILURE method=AbstractTestNGCucumberTests.runScenario(io.cucumb...)</span>
                <span class="method-start">269225 ms</span>
              </div> <!-- configuration-method after -->
              <div class="configuration-class after">
                <span class="method-name">tearDownClass</span>
                <span class="method-start">269334 ms</span>
              </div> <!-- configuration-class after -->
              <div class="configuration-test after">
                <span class="method-name">afterTestReport</span>
                <span class="method-start">269365 ms</span>
              </div> <!-- configuration-test after -->
              <div class="configuration-suite after">
                <span class="method-name">afterSuite</span>
                <span class="method-start">269554 ms</span>
              </div> <!-- configuration-suite after -->
          </div> <!-- main-panel-content rounded-window-bottom -->
        </div> <!-- panel -->
      </div> <!-- main-panel-root -->
    </div> <!-- wrapper -->
  </body>
<script type="text/javascript" src="testng-reports2.js"></script>
</html>
