[{"line":1,"elements":[{"start_timestamp":"2023-04-08T20:17:25.557Z","line":10,"name":"1) WEB Ürün Detay Video Konumlandırması (VA-187)","description":"","id":"web-va-board---ui-web;1)-web-ürün-detay-video-konumlandırması-(va-187);;2","type":"scenario","keyword":"Scenario Outline","steps":[{"result":{"duration":1719533000,"status":"passed"},"line":5,"name":"load \"productYoutubeVideo\" url in \"fitmoda\"","match":{"arguments":[{"val":"\"productYoutubeVideo\"","offset":5},{"val":"\"fitmoda\"","offset":34}],"location":"io.cucumber.skeleton.StepDefinitionsGeneral.loadPageUrl(java.lang.String,java.lang.String)"},"keyword":"Given "},{"result":{"duration":149653000,"status":"passed"},"line":6,"name":"check video location","match":{"location":"io.cucumber.skeleton.StepDefinitionsProductDetail.checkVideoLocation()"},"keyword":"Then "}],"tags":[{"name":"@WEB"},{"name":"@REGRESSION"},{"name":"@PRODUCT_DETAIL"},{"name":"@test"}]},{"start_timestamp":"2023-04-08T20:17:25.571Z","line":22,"name":"2) WEB Fittest,Kişisel Tavsiye- URL'lere Parametre Eklenmesi - SUPPLEMENTLER / VITAMINLER (VA-194)","description":"","id":"web-va-board---ui-web;2)-web-fittest-kişisel-tavsiye--url-lere-parametre-eklenmesi---supplementler-/-vitaminler-(va-194);;2","type":"scenario","keyword":"Scenario Outline","steps":[{"result":{"duration":820318000,"status":"passed"},"line":15,"name":"load home page in \"supplementler\"","match":{"arguments":[{"val":"\"supplementler\"","offset":18}],"location":"io.cucumber.skeleton.StepDefinitionsGeneral.homePage(java.lang.String)"},"keyword":"Given "},{"result":{"error_message":"java.lang.RuntimeException: org.openqa.selenium.NoSuchElementException: no such element: Unable to locate element: {\"method\":\"xpath\",\"selector\":\"//span[contains(text(),'Kişisel Tavsiye')]\"}\n  (Session info: headless chrome=111.0.5563.146)\nFor documentation on this error, please visit: https://selenium.dev/exceptions/#no_such_element\nBuild info: version: '4.4.0', revision: 'e5c75ed026a'\nSystem info: host: 'Erdi-Arf.local', ip: 'fe80:0:0:0:448:488e:24fb:8d68%en0', os.name: 'Mac OS X', os.arch: 'aarch64', os.version: '13.2.1', java.version: '18.0.2.1'\nDriver info: org.openqa.selenium.chrome.ChromeDriver\nCommand: [049e37f9818b1e72bc3446da9dfc27f0, findElement {using=xpath, value=//span[contains(text(),'Kişisel Tavsiye')]}]\nCapabilities {acceptInsecureCerts: false, browserName: chrome, browserVersion: 111.0.5563.146, chrome: {chromedriverVersion: 111.0.5563.64 (c710e93d5b63..., userDataDir: /var/folders/yv/b6knxd_j5lv...}, goog:chromeOptions: {debuggerAddress: localhost:56270}, networkConnectionEnabled: false, pageLoadStrategy: normal, platformName: MAC, proxy: Proxy(), se:cdp: ws://localhost:56270/devtoo..., se:cdpVersion: 111.0.5563.146, setWindowRect: true, strictFileInteractability: false, timeouts: {implicit: 0, pageLoad: 300000, script: 30000}, unhandledPromptBehavior: dismiss and notify, webauthn:extension:credBlob: true, webauthn:extension:largeBlob: true, webauthn:extension:minPinLength: true, webauthn:extension:prf: true, webauthn:virtualAuthenticators: true}\nSession ID: 049e37f9818b1e72bc3446da9dfc27f0\n\tat supplementler.listener.SeleniumListener.onException(SeleniumListener.java:142)\n\tat java.base/jdk.internal.reflect.DirectMethodHandleAccessor.invoke(DirectMethodHandleAccessor.java:104)\n\tat java.base/java.lang.reflect.Method.invoke(Method.java:577)\n\tat org.openqa.selenium.support.events.EventFiringWebDriver.lambda$new$0(EventFiringWebDriver.java:85)\n\tat jdk.proxy2/jdk.proxy2.$Proxy43.onException(Unknown Source)\n\tat org.openqa.selenium.support.events.EventFiringWebDriver.lambda$new$1(EventFiringWebDriver.java:108)\n\tat jdk.proxy2/jdk.proxy2.$Proxy44.findElement(Unknown Source)\n\tat org.openqa.selenium.support.events.EventFiringWebDriver.findElement(EventFiringWebDriver.java:195)\n\tat base.AutomationMethods.waitForIntervalsAndClick(AutomationMethods.java:80)\n\tat base.AutomationMethods.click(AutomationMethods.java:59)\n\tat io.cucumber.skeleton.StepDefinitionsHomePage.clickFITTEST(StepDefinitionsHomePage.java:31)\n\tat ✽.click TEST(file:///Users/erdioran/IdeaProjects2/supplementler_web_automation/src/test/resources/io/cucumber/features/web_case.feature:16)\nCaused by: org.openqa.selenium.NoSuchElementException: no such element: Unable to locate element: {\"method\":\"xpath\",\"selector\":\"//span[contains(text(),'Kişisel Tavsiye')]\"}\n  (Session info: headless chrome=111.0.5563.146)\nFor documentation on this error, please visit: https://selenium.dev/exceptions/#no_such_element\nBuild info: version: '4.4.0', revision: 'e5c75ed026a'\nSystem info: host: 'Erdi-Arf.local', ip: 'fe80:0:0:0:448:488e:24fb:8d68%en0', os.name: 'Mac OS X', os.arch: 'aarch64', os.version: '13.2.1', java.version: '18.0.2.1'\nDriver info: org.openqa.selenium.chrome.ChromeDriver\nCommand: [049e37f9818b1e72bc3446da9dfc27f0, findElement {using=xpath, value=//span[contains(text(),'Kişisel Tavsiye')]}]\nCapabilities {acceptInsecureCerts: false, browserName: chrome, browserVersion: 111.0.5563.146, chrome: {chromedriverVersion: 111.0.5563.64 (c710e93d5b63..., userDataDir: /var/folders/yv/b6knxd_j5lv...}, goog:chromeOptions: {debuggerAddress: localhost:56270}, networkConnectionEnabled: false, pageLoadStrategy: normal, platformName: MAC, proxy: Proxy(), se:cdp: ws://localhost:56270/devtoo..., se:cdpVersion: 111.0.5563.146, setWindowRect: true, strictFileInteractability: false, timeouts: {implicit: 0, pageLoad: 300000, script: 30000}, unhandledPromptBehavior: dismiss and notify, webauthn:extension:credBlob: true, webauthn:extension:largeBlob: true, webauthn:extension:minPinLength: true, webauthn:extension:prf: true, webauthn:virtualAuthenticators: true}\nSession ID: 049e37f9818b1e72bc3446da9dfc27f0\n\tat java.base/jdk.internal.reflect.DirectConstructorHandleAccessor.newInstance(DirectConstructorHandleAccessor.java:67)\n\tat java.base/java.lang.reflect.Constructor.newInstanceWithCaller(Constructor.java:499)\n\tat java.base/java.lang.reflect.Constructor.newInstance(Constructor.java:483)\n\tat org.openqa.selenium.remote.codec.w3c.W3CHttpResponseCodec.createException(W3CHttpResponseCodec.java:200)\n\tat org.openqa.selenium.remote.codec.w3c.W3CHttpResponseCodec.decode(W3CHttpResponseCodec.java:133)\n\tat org.openqa.selenium.remote.codec.w3c.W3CHttpResponseCodec.decode(W3CHttpResponseCodec.java:53)\n\tat org.openqa.selenium.remote.HttpCommandExecutor.execute(HttpCommandExecutor.java:184)\n\tat org.openqa.selenium.remote.service.DriverCommandExecutor.invokeExecute(DriverCommandExecutor.java:167)\n\tat org.openqa.selenium.remote.service.DriverCommandExecutor.execute(DriverCommandExecutor.java:142)\n\tat org.openqa.selenium.remote.RemoteWebDriver.execute(RemoteWebDriver.java:547)\n\tat org.openqa.selenium.remote.ElementLocation$ElementFinder$2.findElement(ElementLocation.java:162)\n\tat org.openqa.selenium.remote.ElementLocation.findElement(ElementLocation.java:60)\n\tat org.openqa.selenium.remote.RemoteWebDriver.findElement(RemoteWebDriver.java:365)\n\tat org.openqa.selenium.remote.RemoteWebDriver.findElement(RemoteWebDriver.java:357)\n\tat java.base/jdk.internal.reflect.DirectMethodHandleAccessor.invoke(DirectMethodHandleAccessor.java:104)\n\tat java.base/java.lang.reflect.Method.invoke(Method.java:577)\n\tat org.openqa.selenium.support.events.EventFiringWebDriver.lambda$new$1(EventFiringWebDriver.java:106)\n\tat jdk.proxy2/jdk.proxy2.$Proxy44.findElement(Unknown Source)\n\tat org.openqa.selenium.support.events.EventFiringWebDriver.findElement(EventFiringWebDriver.java:195)\n\tat base.AutomationMethods.waitForIntervalsAndClick(AutomationMethods.java:80)\n\tat base.AutomationMethods.click(AutomationMethods.java:59)\n\tat io.cucumber.skeleton.StepDefinitionsHomePage.clickFITTEST(StepDefinitionsHomePage.java:31)\n\tat java.base/jdk.internal.reflect.DirectMethodHandleAccessor.invoke(DirectMethodHandleAccessor.java:104)\n\tat java.base/java.lang.reflect.Method.invoke(Method.java:577)\n\tat io.cucumber.java.Invoker.doInvoke(Invoker.java:66)\n\tat io.cucumber.java.Invoker.invoke(Invoker.java:24)\n\tat io.cucumber.java.AbstractGlueDefinition.invokeMethod(AbstractGlueDefinition.java:47)\n\tat io.cucumber.java.JavaStepDefinition.execute(JavaStepDefinition.java:29)\n\tat io.cucumber.core.runner.CoreStepDefinition.execute(CoreStepDefinition.java:66)\n\tat io.cucumber.core.runner.PickleStepDefinitionMatch.runStep(PickleStepDefinitionMatch.java:63)\n\tat io.cucumber.core.runner.ExecutionMode$1.execute(ExecutionMode.java:10)\n\tat io.cucumber.core.runner.TestStep.executeStep(TestStep.java:85)\n\tat io.cucumber.core.runner.TestStep.run(TestStep.java:57)\n\tat io.cucumber.core.runner.PickleStepTestStep.run(PickleStepTestStep.java:51)\n\tat io.cucumber.core.runner.TestCase.run(TestCase.java:84)\n\tat io.cucumber.core.runner.Runner.runPickle(Runner.java:75)\n\tat io.cucumber.testng.TestNGCucumberRunner.lambda$runScenario$1(TestNGCucumberRunner.java:132)\n\tat io.cucumber.core.runtime.CucumberExecutionContext.lambda$runTestCase$5(CucumberExecutionContext.java:129)\n\tat io.cucumber.core.runtime.RethrowingThrowableCollector.executeAndThrow(RethrowingThrowableCollector.java:23)\n\tat io.cucumber.core.runtime.CucumberExecutionContext.runTestCase(CucumberExecutionContext.java:129)\n\tat io.cucumber.testng.TestNGCucumberRunner.runScenario(TestNGCucumberRunner.java:129)\n\tat io.cucumber.testng.AbstractTestNGCucumberTests.runScenario(AbstractTestNGCucumberTests.java:35)\n\tat java.base/jdk.internal.reflect.DirectMethodHandleAccessor.invoke(DirectMethodHandleAccessor.java:104)\n\tat java.base/java.lang.reflect.Method.invoke(Method.java:577)\n\tat org.testng.internal.invokers.MethodInvocationHelper.invokeMethod(MethodInvocationHelper.java:139)\n\tat org.testng.internal.invokers.TestInvoker.invokeMethod(TestInvoker.java:677)\n\tat org.testng.internal.invokers.TestInvoker.invokeTestMethod(TestInvoker.java:221)\n\tat org.testng.internal.invokers.TestMethodWithDataProviderMethodWorker.call(TestMethodWithDataProviderMethodWorker.java:80)\n\tat org.testng.internal.invokers.TestMethodWithDataProviderMethodWorker.call(TestMethodWithDataProviderMethodWorker.java:17)\n\tat java.base/java.util.concurrent.FutureTask.run(FutureTask.java:264)\n\tat java.base/java.util.concurrent.Executors$RunnableAdapter.call(Executors.java:539)\n\tat java.base/java.util.concurrent.FutureTask.run(FutureTask.java:264)\n\tat java.base/java.util.concurrent.ThreadPoolExecutor.runWorker(ThreadPoolExecutor.java:1136)\n\tat java.base/java.util.concurrent.ThreadPoolExecutor$Worker.run(ThreadPoolExecutor.java:635)\n\tat java.base/java.lang.Thread.run(Thread.java:833)\n","duration":132060128000,"status":"failed"},"line":16,"name":"click TEST","match":{"location":"io.cucumber.skeleton.StepDefinitionsHomePage.clickFITTEST()"},"keyword":"When "},{"result":{"duration":507000,"status":"skipped"},"line":17,"name":"check test popup close icon visibility","match":{"location":"io.cucumber.skeleton.StepDefinitionsGeneral.checkTestPopupCloseIconVisibility()"},"keyword":"Then "},{"result":{"duration":227000,"status":"skipped"},"line":18,"name":"check tab url is \"/?fittest\" in \"supplementler\"","match":{"arguments":[{"val":"\"/?fittest\"","offset":17},{"val":"\"supplementler\"","offset":32}],"location":"io.cucumber.skeleton.StepDefinitionsGeneral.checkTabUrlIs(java.lang.String,java.lang.String)"},"keyword":"And "}],"tags":[{"name":"@WEB"},{"name":"@REGRESSION"},{"name":"@test"}]},{"start_timestamp":"2023-04-08T20:19:38.966Z","line":22,"name":"2) WEB Fittest,Kişisel Tavsiye- URL'lere Parametre Eklenmesi - SUPPLEMENTLER / VITAMINLER (VA-194)","description":"","id":"web-va-board---ui-web;2)-web-fittest-kişisel-tavsiye--url-lere-parametre-eklenmesi---supplementler-/-vitaminler-(va-194);;2","type":"scenario","keyword":"Scenario Outline","steps":[{"result":{"duration":548845000,"status":"passed"},"line":15,"name":"load home page in \"supplementler\"","match":{"arguments":[{"val":"\"supplementler\"","offset":18}],"location":"io.cucumber.skeleton.StepDefinitionsGeneral.homePage(java.lang.String)"},"keyword":"Given "},{"result":{"error_message":"java.lang.RuntimeException: org.openqa.selenium.NoSuchElementException: no such element: Unable to locate element: {\"method\":\"xpath\",\"selector\":\"//span[contains(text(),'Kişisel Tavsiye')]\"}\n  (Session info: headless chrome=111.0.5563.146)\nFor documentation on this error, please visit: https://selenium.dev/exceptions/#no_such_element\nBuild info: version: '4.4.0', revision: 'e5c75ed026a'\nSystem info: host: 'Erdi-Arf.local', ip: 'fe80:0:0:0:448:488e:24fb:8d68%en0', os.name: 'Mac OS X', os.arch: 'aarch64', os.version: '13.2.1', java.version: '18.0.2.1'\nDriver info: org.openqa.selenium.chrome.ChromeDriver\nCommand: [21a5c512496854f0ea45580c8fc419fc, findElement {using=xpath, value=//span[contains(text(),'Kişisel Tavsiye')]}]\nCapabilities {acceptInsecureCerts: false, browserName: chrome, browserVersion: 111.0.5563.146, chrome: {chromedriverVersion: 111.0.5563.64 (c710e93d5b63..., userDataDir: /var/folders/yv/b6knxd_j5lv...}, goog:chromeOptions: {debuggerAddress: localhost:56471}, networkConnectionEnabled: false, pageLoadStrategy: normal, platformName: MAC, proxy: Proxy(), se:cdp: ws://localhost:56471/devtoo..., se:cdpVersion: 111.0.5563.146, setWindowRect: true, strictFileInteractability: false, timeouts: {implicit: 0, pageLoad: 300000, script: 30000}, unhandledPromptBehavior: dismiss and notify, webauthn:extension:credBlob: true, webauthn:extension:largeBlob: true, webauthn:extension:minPinLength: true, webauthn:extension:prf: true, webauthn:virtualAuthenticators: true}\nSession ID: 21a5c512496854f0ea45580c8fc419fc\n\tat supplementler.listener.SeleniumListener.onException(SeleniumListener.java:142)\n\tat java.base/jdk.internal.reflect.DirectMethodHandleAccessor.invoke(DirectMethodHandleAccessor.java:104)\n\tat java.base/java.lang.reflect.Method.invoke(Method.java:577)\n\tat org.openqa.selenium.support.events.EventFiringWebDriver.lambda$new$0(EventFiringWebDriver.java:85)\n\tat jdk.proxy2/jdk.proxy2.$Proxy43.onException(Unknown Source)\n\tat org.openqa.selenium.support.events.EventFiringWebDriver.lambda$new$1(EventFiringWebDriver.java:108)\n\tat jdk.proxy2/jdk.proxy2.$Proxy44.findElement(Unknown Source)\n\tat org.openqa.selenium.support.events.EventFiringWebDriver.findElement(EventFiringWebDriver.java:195)\n\tat base.AutomationMethods.waitForIntervalsAndClick(AutomationMethods.java:80)\n\tat base.AutomationMethods.click(AutomationMethods.java:59)\n\tat io.cucumber.skeleton.StepDefinitionsHomePage.clickFITTEST(StepDefinitionsHomePage.java:31)\n\tat ✽.click TEST(file:///Users/erdioran/IdeaProjects2/supplementler_web_automation/src/test/resources/io/cucumber/features/web_case.feature:16)\nCaused by: org.openqa.selenium.NoSuchElementException: no such element: Unable to locate element: {\"method\":\"xpath\",\"selector\":\"//span[contains(text(),'Kişisel Tavsiye')]\"}\n  (Session info: headless chrome=111.0.5563.146)\nFor documentation on this error, please visit: https://selenium.dev/exceptions/#no_such_element\nBuild info: version: '4.4.0', revision: 'e5c75ed026a'\nSystem info: host: 'Erdi-Arf.local', ip: 'fe80:0:0:0:448:488e:24fb:8d68%en0', os.name: 'Mac OS X', os.arch: 'aarch64', os.version: '13.2.1', java.version: '18.0.2.1'\nDriver info: org.openqa.selenium.chrome.ChromeDriver\nCommand: [21a5c512496854f0ea45580c8fc419fc, findElement {using=xpath, value=//span[contains(text(),'Kişisel Tavsiye')]}]\nCapabilities {acceptInsecureCerts: false, browserName: chrome, browserVersion: 111.0.5563.146, chrome: {chromedriverVersion: 111.0.5563.64 (c710e93d5b63..., userDataDir: /var/folders/yv/b6knxd_j5lv...}, goog:chromeOptions: {debuggerAddress: localhost:56471}, networkConnectionEnabled: false, pageLoadStrategy: normal, platformName: MAC, proxy: Proxy(), se:cdp: ws://localhost:56471/devtoo..., se:cdpVersion: 111.0.5563.146, setWindowRect: true, strictFileInteractability: false, timeouts: {implicit: 0, pageLoad: 300000, script: 30000}, unhandledPromptBehavior: dismiss and notify, webauthn:extension:credBlob: true, webauthn:extension:largeBlob: true, webauthn:extension:minPinLength: true, webauthn:extension:prf: true, webauthn:virtualAuthenticators: true}\nSession ID: 21a5c512496854f0ea45580c8fc419fc\n\tat java.base/jdk.internal.reflect.DirectConstructorHandleAccessor.newInstance(DirectConstructorHandleAccessor.java:67)\n\tat java.base/java.lang.reflect.Constructor.newInstanceWithCaller(Constructor.java:499)\n\tat java.base/java.lang.reflect.Constructor.newInstance(Constructor.java:483)\n\tat org.openqa.selenium.remote.codec.w3c.W3CHttpResponseCodec.createException(W3CHttpResponseCodec.java:200)\n\tat org.openqa.selenium.remote.codec.w3c.W3CHttpResponseCodec.decode(W3CHttpResponseCodec.java:133)\n\tat org.openqa.selenium.remote.codec.w3c.W3CHttpResponseCodec.decode(W3CHttpResponseCodec.java:53)\n\tat org.openqa.selenium.remote.HttpCommandExecutor.execute(HttpCommandExecutor.java:184)\n\tat org.openqa.selenium.remote.service.DriverCommandExecutor.invokeExecute(DriverCommandExecutor.java:167)\n\tat org.openqa.selenium.remote.service.DriverCommandExecutor.execute(DriverCommandExecutor.java:142)\n\tat org.openqa.selenium.remote.RemoteWebDriver.execute(RemoteWebDriver.java:547)\n\tat org.openqa.selenium.remote.ElementLocation$ElementFinder$2.findElement(ElementLocation.java:162)\n\tat org.openqa.selenium.remote.ElementLocation.findElement(ElementLocation.java:60)\n\tat org.openqa.selenium.remote.RemoteWebDriver.findElement(RemoteWebDriver.java:365)\n\tat org.openqa.selenium.remote.RemoteWebDriver.findElement(RemoteWebDriver.java:357)\n\tat java.base/jdk.internal.reflect.DirectMethodHandleAccessor.invoke(DirectMethodHandleAccessor.java:104)\n\tat java.base/java.lang.reflect.Method.invoke(Method.java:577)\n\tat org.openqa.selenium.support.events.EventFiringWebDriver.lambda$new$1(EventFiringWebDriver.java:106)\n\tat jdk.proxy2/jdk.proxy2.$Proxy44.findElement(Unknown Source)\n\tat org.openqa.selenium.support.events.EventFiringWebDriver.findElement(EventFiringWebDriver.java:195)\n\tat base.AutomationMethods.waitForIntervalsAndClick(AutomationMethods.java:80)\n\tat base.AutomationMethods.click(AutomationMethods.java:59)\n\tat io.cucumber.skeleton.StepDefinitionsHomePage.clickFITTEST(StepDefinitionsHomePage.java:31)\n\tat java.base/jdk.internal.reflect.DirectMethodHandleAccessor.invoke(DirectMethodHandleAccessor.java:104)\n\tat java.base/java.lang.reflect.Method.invoke(Method.java:577)\n\tat io.cucumber.java.Invoker.doInvoke(Invoker.java:66)\n\tat io.cucumber.java.Invoker.invoke(Invoker.java:24)\n\tat io.cucumber.java.AbstractGlueDefinition.invokeMethod(AbstractGlueDefinition.java:47)\n\tat io.cucumber.java.JavaStepDefinition.execute(JavaStepDefinition.java:29)\n\tat io.cucumber.core.runner.CoreStepDefinition.execute(CoreStepDefinition.java:66)\n\tat io.cucumber.core.runner.PickleStepDefinitionMatch.runStep(PickleStepDefinitionMatch.java:63)\n\tat io.cucumber.core.runner.ExecutionMode$1.execute(ExecutionMode.java:10)\n\tat io.cucumber.core.runner.TestStep.executeStep(TestStep.java:85)\n\tat io.cucumber.core.runner.TestStep.run(TestStep.java:57)\n\tat io.cucumber.core.runner.PickleStepTestStep.run(PickleStepTestStep.java:51)\n\tat io.cucumber.core.runner.TestCase.run(TestCase.java:84)\n\tat io.cucumber.core.runner.Runner.runPickle(Runner.java:75)\n\tat io.cucumber.testng.TestNGCucumberRunner.lambda$runScenario$1(TestNGCucumberRunner.java:132)\n\tat io.cucumber.core.runtime.CucumberExecutionContext.lambda$runTestCase$5(CucumberExecutionContext.java:129)\n\tat io.cucumber.core.runtime.RethrowingThrowableCollector.executeAndThrow(RethrowingThrowableCollector.java:23)\n\tat io.cucumber.core.runtime.CucumberExecutionContext.runTestCase(CucumberExecutionContext.java:129)\n\tat io.cucumber.testng.TestNGCucumberRunner.runScenario(TestNGCucumberRunner.java:129)\n\tat io.cucumber.testng.AbstractTestNGCucumberTests.runScenario(AbstractTestNGCucumberTests.java:35)\n\tat java.base/jdk.internal.reflect.DirectMethodHandleAccessor.invoke(DirectMethodHandleAccessor.java:104)\n\tat java.base/java.lang.reflect.Method.invoke(Method.java:577)\n\tat org.testng.internal.invokers.MethodInvocationHelper.invokeMethod(MethodInvocationHelper.java:139)\n\tat org.testng.internal.invokers.TestInvoker.invokeMethod(TestInvoker.java:677)\n\tat org.testng.internal.invokers.TestInvoker.retryFailed(TestInvoker.java:263)\n\tat org.testng.internal.invokers.TestMethodWithDataProviderMethodWorker.call(TestMethodWithDataProviderMethodWorker.java:103)\n\tat org.testng.internal.invokers.TestMethodWithDataProviderMethodWorker.call(TestMethodWithDataProviderMethodWorker.java:17)\n\tat java.base/java.util.concurrent.FutureTask.run(FutureTask.java:264)\n\tat java.base/java.util.concurrent.Executors$RunnableAdapter.call(Executors.java:539)\n\tat java.base/java.util.concurrent.FutureTask.run(FutureTask.java:264)\n\tat java.base/java.util.concurrent.ThreadPoolExecutor.runWorker(ThreadPoolExecutor.java:1136)\n\tat java.base/java.util.concurrent.ThreadPoolExecutor$Worker.run(ThreadPoolExecutor.java:635)\n\tat java.base/java.lang.Thread.run(Thread.java:833)\n","duration":132354718000,"status":"failed"},"line":16,"name":"click TEST","match":{"location":"io.cucumber.skeleton.StepDefinitionsHomePage.clickFITTEST()"},"keyword":"When "},{"result":{"duration":304000,"status":"skipped"},"line":17,"name":"check test popup close icon visibility","match":{"location":"io.cucumber.skeleton.StepDefinitionsGeneral.checkTestPopupCloseIconVisibility()"},"keyword":"Then "},{"result":{"duration":228000,"status":"skipped"},"line":18,"name":"check tab url is \"/?fittest\" in \"supplementler\"","match":{"arguments":[{"val":"\"/?fittest\"","offset":17},{"val":"\"supplementler\"","offset":32}],"location":"io.cucumber.skeleton.StepDefinitionsGeneral.checkTabUrlIs(java.lang.String,java.lang.String)"},"keyword":"And "}],"tags":[{"name":"@WEB"},{"name":"@REGRESSION"},{"name":"@test"}]},{"start_timestamp":"2023-04-08T20:17:25.557Z","line":23,"name":"2) WEB Fittest,Kişisel Tavsiye- URL'lere Parametre Eklenmesi - SUPPLEMENTLER / VITAMINLER (VA-194)","description":"","id":"web-va-board---ui-web;2)-web-fittest-kişisel-tavsiye--url-lere-parametre-eklenmesi---supplementler-/-vitaminler-(va-194);;3","type":"scenario","keyword":"Scenario Outline","steps":[{"result":{"duration":901177000,"status":"passed"},"line":15,"name":"load home page in \"vitaminler\"","match":{"arguments":[{"val":"\"vitaminler\"","offset":18}],"location":"io.cucumber.skeleton.StepDefinitionsGeneral.homePage(java.lang.String)"},"keyword":"Given "},{"result":{"duration":1161018000,"status":"passed"},"line":16,"name":"click TEST","match":{"location":"io.cucumber.skeleton.StepDefinitionsHomePage.clickFITTEST()"},"keyword":"When "},{"result":{"duration":62450000,"status":"passed"},"line":17,"name":"check test popup close icon visibility","match":{"location":"io.cucumber.skeleton.StepDefinitionsGeneral.checkTestPopupCloseIconVisibility()"},"keyword":"Then "},{"result":{"duration":2493000,"status":"passed"},"line":18,"name":"check tab url is \"/?kisiseltavsiye\" in \"vitaminler\"","match":{"arguments":[{"val":"\"/?kisiseltavsiye\"","offset":17},{"val":"\"vitaminler\"","offset":39}],"location":"io.cucumber.skeleton.StepDefinitionsGeneral.checkTabUrlIs(java.lang.String,java.lang.String)"},"keyword":"And "}],"tags":[{"name":"@WEB"},{"name":"@REGRESSION"},{"name":"@test"}]}],"name":"WEB VA BOARD - UI Web","description":"","id":"web-va-board---ui-web","keyword":"Feature","uri":"file:src/test/resources/io/cucumber/features/web_case.feature","tags":[]}]